  partTwo.cpp
c:\users\syed\documents\github\nyu\cs 1124\recitations\rec07\parttwo.cpp(7): error C2065: 'Drum' : undeclared identifier
c:\users\syed\documents\github\nyu\cs 1124\recitations\rec07\parttwo.cpp(7): error C2146: syntax error : missing ';' before identifier 'drum'
c:\users\syed\documents\github\nyu\cs 1124\recitations\rec07\parttwo.cpp(7): error C2065: 'drum' : undeclared identifier
c:\users\syed\documents\github\nyu\cs 1124\recitations\rec07\parttwo.cpp(8): error C2065: 'Cello' : undeclared identifier
c:\users\syed\documents\github\nyu\cs 1124\recitations\rec07\parttwo.cpp(8): error C2146: syntax error : missing ';' before identifier 'cello'
c:\users\syed\documents\github\nyu\cs 1124\recitations\rec07\parttwo.cpp(8): error C3861: 'cello': identifier not found
c:\users\syed\documents\github\nyu\cs 1124\recitations\rec07\parttwo.cpp(9): error C2065: 'Cymbal' : undeclared identifier
c:\users\syed\documents\github\nyu\cs 1124\recitations\rec07\parttwo.cpp(9): error C2146: syntax error : missing ';' before identifier 'cymbal'
c:\users\syed\documents\github\nyu\cs 1124\recitations\rec07\parttwo.cpp(9): error C2065: 'cymbal' : undeclared identifier
c:\users\syed\documents\github\nyu\cs 1124\recitations\rec07\parttwo.cpp(10): error C2065: 'Trombone' : undeclared identifier
c:\users\syed\documents\github\nyu\cs 1124\recitations\rec07\parttwo.cpp(10): error C2146: syntax error : missing ';' before identifier 'tbone'
c:\users\syed\documents\github\nyu\cs 1124\recitations\rec07\parttwo.cpp(10): error C3861: 'tbone': identifier not found
c:\users\syed\documents\github\nyu\cs 1124\recitations\rec07\parttwo.cpp(11): error C2065: 'Trumpet' : undeclared identifier
c:\users\syed\documents\github\nyu\cs 1124\recitations\rec07\parttwo.cpp(11): error C2146: syntax error : missing ';' before identifier 'trpt'
c:\users\syed\documents\github\nyu\cs 1124\recitations\rec07\parttwo.cpp(11): error C3861: 'trpt': identifier not found
c:\users\syed\documents\github\nyu\cs 1124\recitations\rec07\parttwo.cpp(12): error C2065: 'Violin' : undeclared identifier
c:\users\syed\documents\github\nyu\cs 1124\recitations\rec07\parttwo.cpp(12): error C2146: syntax error : missing ';' before identifier 'violin'
c:\users\syed\documents\github\nyu\cs 1124\recitations\rec07\parttwo.cpp(12): error C3861: 'violin': identifier not found
c:\users\syed\documents\github\nyu\cs 1124\recitations\rec07\parttwo.cpp(14): error C2065: 'MILL' : undeclared identifier
c:\users\syed\documents\github\nyu\cs 1124\recitations\rec07\parttwo.cpp(14): error C2146: syntax error : missing ';' before identifier 'mill'
c:\users\syed\documents\github\nyu\cs 1124\recitations\rec07\parttwo.cpp(14): error C2065: 'mill' : undeclared identifier
c:\users\syed\documents\github\nyu\cs 1124\recitations\rec07\parttwo.cpp(15): error C2065: 'mill' : undeclared identifier
c:\users\syed\documents\github\nyu\cs 1124\recitations\rec07\parttwo.cpp(15): error C2228: left of '.receiveInstr' must have class/struct/union
          type is 'unknown-type'
c:\users\syed\documents\github\nyu\cs 1124\recitations\rec07\parttwo.cpp(15): error C2065: 'trpt' : undeclared identifier
c:\users\syed\documents\github\nyu\cs 1124\recitations\rec07\parttwo.cpp(16): error C2065: 'mill' : undeclared identifier
c:\users\syed\documents\github\nyu\cs 1124\recitations\rec07\parttwo.cpp(16): error C2228: left of '.receiveInstr' must have class/struct/union
          type is 'unknown-type'
c:\users\syed\documents\github\nyu\cs 1124\recitations\rec07\parttwo.cpp(16): error C2065: 'violin' : undeclared identifier
c:\users\syed\documents\github\nyu\cs 1124\recitations\rec07\parttwo.cpp(17): error C2065: 'mill' : undeclared identifier
c:\users\syed\documents\github\nyu\cs 1124\recitations\rec07\parttwo.cpp(17): error C2228: left of '.receiveInstr' must have class/struct/union
          type is 'unknown-type'
c:\users\syed\documents\github\nyu\cs 1124\recitations\rec07\parttwo.cpp(17): error C2065: 'tbone' : undeclared identifier
c:\users\syed\documents\github\nyu\cs 1124\recitations\rec07\parttwo.cpp(18): error C2065: 'mill' : undeclared identifier
c:\users\syed\documents\github\nyu\cs 1124\recitations\rec07\parttwo.cpp(18): error C2228: left of '.receiveInstr' must have class/struct/union
          type is 'unknown-type'
c:\users\syed\documents\github\nyu\cs 1124\recitations\rec07\parttwo.cpp(18): error C2065: 'drum' : undeclared identifier
c:\users\syed\documents\github\nyu\cs 1124\recitations\rec07\parttwo.cpp(19): error C2065: 'mill' : undeclared identifier
c:\users\syed\documents\github\nyu\cs 1124\recitations\rec07\parttwo.cpp(19): error C2228: left of '.receiveInstr' must have class/struct/union
          type is 'unknown-type'
c:\users\syed\documents\github\nyu\cs 1124\recitations\rec07\parttwo.cpp(19): error C2065: 'cello' : undeclared identifier
c:\users\syed\documents\github\nyu\cs 1124\recitations\rec07\parttwo.cpp(20): error C2065: 'mill' : undeclared identifier
c:\users\syed\documents\github\nyu\cs 1124\recitations\rec07\parttwo.cpp(20): error C2228: left of '.receiveInstr' must have class/struct/union
          type is 'unknown-type'
c:\users\syed\documents\github\nyu\cs 1124\recitations\rec07\parttwo.cpp(20): error C2065: 'cymbal' : undeclared identifier
c:\users\syed\documents\github\nyu\cs 1124\recitations\rec07\parttwo.cpp(22): error C2065: 'Musician' : undeclared identifier
c:\users\syed\documents\github\nyu\cs 1124\recitations\rec07\parttwo.cpp(22): error C2146: syntax error : missing ';' before identifier 'bob'
c:\users\syed\documents\github\nyu\cs 1124\recitations\rec07\parttwo.cpp(22): error C2065: 'bob' : undeclared identifier
c:\users\syed\documents\github\nyu\cs 1124\recitations\rec07\parttwo.cpp(23): error C2065: 'Musician' : undeclared identifier
c:\users\syed\documents\github\nyu\cs 1124\recitations\rec07\parttwo.cpp(23): error C2146: syntax error : missing ';' before identifier 'sue'
c:\users\syed\documents\github\nyu\cs 1124\recitations\rec07\parttwo.cpp(23): error C2065: 'sue' : undeclared identifier
c:\users\syed\documents\github\nyu\cs 1124\recitations\rec07\parttwo.cpp(24): error C2065: 'Musician' : undeclared identifier
c:\users\syed\documents\github\nyu\cs 1124\recitations\rec07\parttwo.cpp(24): error C2146: syntax error : missing ';' before identifier 'mary'
c:\users\syed\documents\github\nyu\cs 1124\recitations\rec07\parttwo.cpp(24): error C2065: 'mary' : undeclared identifier
c:\users\syed\documents\github\nyu\cs 1124\recitations\rec07\parttwo.cpp(25): error C2065: 'Musician' : undeclared identifier
c:\users\syed\documents\github\nyu\cs 1124\recitations\rec07\parttwo.cpp(25): error C2146: syntax error : missing ';' before identifier 'ralph'
c:\users\syed\documents\github\nyu\cs 1124\recitations\rec07\parttwo.cpp(25): error C2065: 'ralph' : undeclared identifier
c:\users\syed\documents\github\nyu\cs 1124\recitations\rec07\parttwo.cpp(26): error C2065: 'Musician' : undeclared identifier
c:\users\syed\documents\github\nyu\cs 1124\recitations\rec07\parttwo.cpp(26): error C2146: syntax error : missing ';' before identifier 'jody'
c:\users\syed\documents\github\nyu\cs 1124\recitations\rec07\parttwo.cpp(26): error C2065: 'jody' : undeclared identifier
c:\users\syed\documents\github\nyu\cs 1124\recitations\rec07\parttwo.cpp(27): error C2065: 'Musician' : undeclared identifier
c:\users\syed\documents\github\nyu\cs 1124\recitations\rec07\parttwo.cpp(27): error C2146: syntax error : missing ';' before identifier 'morgan'
c:\users\syed\documents\github\nyu\cs 1124\recitations\rec07\parttwo.cpp(27): error C2065: 'morgan' : undeclared identifier
c:\users\syed\documents\github\nyu\cs 1124\recitations\rec07\parttwo.cpp(29): error C2065: 'Orch' : undeclared identifier
c:\users\syed\documents\github\nyu\cs 1124\recitations\rec07\parttwo.cpp(29): error C2146: syntax error : missing ';' before identifier 'orch'
c:\users\syed\documents\github\nyu\cs 1124\recitations\rec07\parttwo.cpp(29): error C2065: 'orch' : undeclared identifier
c:\users\syed\documents\github\nyu\cs 1124\recitations\rec07\parttwo.cpp(36): error C2065: 'orch' : undeclared identifier
c:\users\syed\documents\github\nyu\cs 1124\recitations\rec07\parttwo.cpp(36): error C2228: left of '.addPlayer' must have class/struct/union
          type is 'unknown-type'
c:\users\syed\documents\github\nyu\cs 1124\recitations\rec07\parttwo.cpp(36): error C2065: 'bob' : undeclared identifier
c:\users\syed\documents\github\nyu\cs 1124\recitations\rec07\parttwo.cpp(39): error C2065: 'cout' : undeclared identifier
c:\users\syed\documents\github\nyu\cs 1124\recitations\rec07\parttwo.cpp(40): error C2065: 'orch' : undeclared identifier
c:\users\syed\documents\github\nyu\cs 1124\recitations\rec07\parttwo.cpp(40): error C2228: left of '.play' must have class/struct/union
          type is 'unknown-type'
c:\users\syed\documents\github\nyu\cs 1124\recitations\rec07\parttwo.cpp(43): error C2065: 'sue' : undeclared identifier
c:\users\syed\documents\github\nyu\cs 1124\recitations\rec07\parttwo.cpp(43): error C2228: left of '.acceptInstr' must have class/struct/union
          type is 'unknown-type'
c:\users\syed\documents\github\nyu\cs 1124\recitations\rec07\parttwo.cpp(43): error C2065: 'mill' : undeclared identifier
c:\users\syed\documents\github\nyu\cs 1124\recitations\rec07\parttwo.cpp(43): error C2228: left of '.loanOut' must have class/struct/union
          type is 'unknown-type'
c:\users\syed\documents\github\nyu\cs 1124\recitations\rec07\parttwo.cpp(44): error C2065: 'orch' : undeclared identifier
c:\users\syed\documents\github\nyu\cs 1124\recitations\rec07\parttwo.cpp(44): error C2228: left of '.addPlayer' must have class/struct/union
          type is 'unknown-type'
c:\users\syed\documents\github\nyu\cs 1124\recitations\rec07\parttwo.cpp(44): error C2065: 'sue' : undeclared identifier
c:\users\syed\documents\github\nyu\cs 1124\recitations\rec07\parttwo.cpp(47): error C2065: 'ralph' : undeclared identifier
c:\users\syed\documents\github\nyu\cs 1124\recitations\rec07\parttwo.cpp(47): error C2228: left of '.acceptInstr' must have class/struct/union
          type is 'unknown-type'
c:\users\syed\documents\github\nyu\cs 1124\recitations\rec07\parttwo.cpp(47): error C2065: 'mill' : undeclared identifier
c:\users\syed\documents\github\nyu\cs 1124\recitations\rec07\parttwo.cpp(47): error C2228: left of '.loanOut' must have class/struct/union
          type is 'unknown-type'
c:\users\syed\documents\github\nyu\cs 1124\recitations\rec07\parttwo.cpp(50): error C2065: 'mary' : undeclared identifier
c:\users\syed\documents\github\nyu\cs 1124\recitations\rec07\parttwo.cpp(50): error C2228: left of '.acceptInstr' must have class/struct/union
          type is 'unknown-type'
c:\users\syed\documents\github\nyu\cs 1124\recitations\rec07\parttwo.cpp(50): error C2065: 'mill' : undeclared identifier
c:\users\syed\documents\github\nyu\cs 1124\recitations\rec07\parttwo.cpp(50): error C2228: left of '.loanOut' must have class/struct/union
          type is 'unknown-type'
c:\users\syed\documents\github\nyu\cs 1124\recitations\rec07\parttwo.cpp(51): error C2065: 'orch' : undeclared identifier
c:\users\syed\documents\github\nyu\cs 1124\recitations\rec07\parttwo.cpp(51): error C2228: left of '.addPlayer' must have class/struct/union
          type is 'unknown-type'
c:\users\syed\documents\github\nyu\cs 1124\recitations\rec07\parttwo.cpp(51): error C2065: 'mary' : undeclared identifier
c:\users\syed\documents\github\nyu\cs 1124\recitations\rec07\parttwo.cpp(54): error C2065: 'mill' : undeclared identifier
c:\users\syed\documents\github\nyu\cs 1124\recitations\rec07\parttwo.cpp(54): error C2228: left of '.receiveInstr' must have class/struct/union
          type is 'unknown-type'
c:\users\syed\documents\github\nyu\cs 1124\recitations\rec07\parttwo.cpp(54): error C2065: 'ralph' : undeclared identifier
c:\users\syed\documents\github\nyu\cs 1124\recitations\rec07\parttwo.cpp(54): error C2228: left of '.giveBackInstr' must have class/struct/union
          type is 'unknown-type'
c:\users\syed\documents\github\nyu\cs 1124\recitations\rec07\parttwo.cpp(57): error C2065: 'jody' : undeclared identifier
c:\users\syed\documents\github\nyu\cs 1124\recitations\rec07\parttwo.cpp(57): error C2228: left of '.acceptInstr' must have class/struct/union
          type is 'unknown-type'
c:\users\syed\documents\github\nyu\cs 1124\recitations\rec07\parttwo.cpp(57): error C2065: 'mill' : undeclared identifier
c:\users\syed\documents\github\nyu\cs 1124\recitations\rec07\parttwo.cpp(57): error C2228: left of '.loanOut' must have class/struct/union
          type is 'unknown-type'
c:\users\syed\documents\github\nyu\cs 1124\recitations\rec07\parttwo.cpp(58): error C2065: 'orch' : undeclared identifier
c:\users\syed\documents\github\nyu\cs 1124\recitations\rec07\parttwo.cpp(58): error C2228: left of '.addPlayer' must have class/struct/union
          type is 'unknown-type'
c:\users\syed\documents\github\nyu\cs 1124\recitations\rec07\parttwo.cpp(58): error C2065: 'jody' : undeclared identifier
c:\users\syed\documents\github\nyu\cs 1124\recitations\rec07\parttwo.cpp(61): error C2065: 'morgan' : undeclared identifier
c:\users\syed\documents\github\nyu\cs 1124\recitations\rec07\parttwo.cpp(61): error C2228: left of '.acceptInstr' must have class/struct/union
          type is 'unknown-type'
c:\users\syed\documents\github\nyu\cs 1124\recitations\rec07\parttwo.cpp(61): error C2065: 'mill' : undeclared identifier
c:\users\syed\documents\github\nyu\cs 1124\recitations\rec07\parttwo.cpp(61): error C2228: left of '.loanOut' must have class/struct/union
          type is 'unknown-type'
c:\users\syed\documents\github\nyu\cs 1124\recitations\rec07\parttwo.cpp(64): error C2065: 'cout' : undeclared identifier
c:\users\syed\documents\github\nyu\cs 1124\recitations\rec07\parttwo.cpp(65): error C2065: 'orch' : undeclared identifier
c:\users\syed\documents\github\nyu\cs 1124\recitations\rec07\parttwo.cpp(65): fatal error C1003: error count exceeds 100; stopping compilation
  partOne.cpp
c:\users\syed\documents\github\nyu\cs 1124\recitations\rec07\partone.cpp(105): error C2061: syntax error : identifier 'Musician'
c:\users\syed\documents\github\nyu\cs 1124\recitations\rec07\partone.cpp(125): warning C4018: '<' : signed/unsigned mismatch
c:\users\syed\documents\github\nyu\cs 1124\recitations\rec07\partone.cpp(135): warning C4018: '<' : signed/unsigned mismatch
c:\users\syed\documents\github\nyu\cs 1124\recitations\rec07\partone.cpp(143): error C3867: 'std::vector<Instrument *,std::allocator<_Ty>>::size': function call missing argument list; use '&std::vector<Instrument *,std::allocator<_Ty>>::size' to create a pointer to member
          with
          [
              _Ty=Instrument *
          ]
c:\users\syed\documents\github\nyu\cs 1124\recitations\rec07\partone.cpp(143): error C2296: '-' : illegal, left operand has type 'unsigned int (__thiscall std::vector<Instrument *,std::allocator<_Ty>>::* )(void) throw() const'
          with
          [
              _Ty=Instrument *
          ]
c:\users\syed\documents\github\nyu\cs 1124\recitations\rec07\partone.cpp(143): fatal error C1903: unable to recover from previous error(s); stopping compilation
  Generating Code...
